{"level":"info","message":"API_Service: GET /posts 404 144 - 5.068 ms","timestamp":"2022-04-21 17:01:48"}
{"level":"info","message":"API_Service: GET / 200 4022 - 63.465 ms","timestamp":"2022-04-21 17:06:36"}
{"level":"info","message":"API_Service: GET / 200 4022 - 2.717 ms","timestamp":"2022-04-21 17:07:00"}
{"level":"info","message":"ADMINS_Service: POST //login 404 146 - 4.245 ms","timestamp":"2022-04-21 17:43:15"}
{"level":"info","message":"API_Service: GET / 200 4022 - 7.707 ms","timestamp":"2022-04-21 17:43:49"}
{"level":"info","message":"ADMINS_Service: POST /admin/login 404 151 - 0.793 ms","timestamp":"2022-04-21 17:46:10"}
{"level":"info","message":"API_Service: GET /posts 404 144 - 3.640 ms","timestamp":"2022-04-21 17:46:51"}
{"level":"info","message":"API_Service: GET /posts 404 144 - 0.843 ms","timestamp":"2022-04-21 17:48:18"}
{"level":"info","message":"API_Service: GET /posts 404 144 - 0.930 ms","timestamp":"2022-04-21 17:48:47"}
{"level":"info","message":"API_Service: GET /posts 404 144 - 0.682 ms","timestamp":"2022-04-21 17:49:07"}
{"level":"info","message":"API_Service: GET /posts 404 144 - 0.559 ms","timestamp":"2022-04-21 17:49:27"}
{"level":"info","message":"API_Service: GET / 200 4022 - 1.538 ms","timestamp":"2022-04-21 17:49:45"}
{"level":"info","message":"ADMINS_Service: POST //login 404 146 - 0.469 ms","timestamp":"2022-04-21 17:50:03"}
{"level":"info","message":"API_Service: GET / 200 4022 - 1.387 ms","timestamp":"2022-04-21 17:53:41"}
{"level":"info","message":"ADMINS_Service: POST //login 404 146 - 0.615 ms","timestamp":"2022-04-21 17:55:41"}
{"level":"info","message":"ADMINS_Service: POST //login 404 146 - 1.368 ms","timestamp":"2022-04-21 17:56:36"}
{"level":"info","message":"API_Service: GET /posts 404 144 - 0.612 ms","timestamp":"2022-04-21 17:57:02"}
{"level":"info","message":"ADMINS_Service: POST /admin/login 404 151 - 0.491 ms","timestamp":"2022-04-21 17:59:17"}
{"level":"info","message":"API_Service: GET /posts 404 144 - 0.542 ms","timestamp":"2022-04-21 18:00:08"}
{"level":"info","message":"API_Service: GET /posts 404 144 - 0.756 ms","timestamp":"2022-04-21 18:01:02"}
{"level":"info","message":"API_Service: GET /posts 404 144 - 0.648 ms","timestamp":"2022-04-21 18:02:52"}
{"level":"info","message":"API_Service: GET /posts 200 4022 - 5.131 ms","timestamp":"2022-04-21 18:03:18"}
{"level":"info","message":"ADMINS_Service: POST /admin/login 200 273 - 698.403 ms","timestamp":"2022-04-21 18:05:59"}
{"level":"info","message":"API_Service: GET / 200 4022 - 7.184 ms","timestamp":"2022-04-21 18:09:23"}
{"level":"info","message":"API_Service: GET / 200 4022 - 1.404 ms","timestamp":"2022-04-21 18:09:54"}
{"level":"info","message":"API_Service: GET / 200 4022 - 1.298 ms","timestamp":"2022-04-21 18:10:15"}
{"level":"info","message":"API_Service: GET // 404 140 - 4.497 ms","timestamp":"2022-04-21 18:13:21"}
{"level":"info","message":"API_Service: GET / 200 4022 - 1.546 ms","timestamp":"2022-04-21 18:13:27"}
{"level":"info","message":"API_Service: GET / 200 4022 - 1.667 ms","timestamp":"2022-04-21 18:15:29"}
{"level":"info","message":"ADMINS_Service: POST //login 404 146 - 2.876 ms","timestamp":"2022-04-21 18:15:36"}
{"level":"info","message":"ADMINS_Service: POST //login 404 146 - 0.382 ms","timestamp":"2022-04-21 18:16:45"}
{"level":"info","message":"ADMINS_Service: POST //login 404 146 - 0.341 ms","timestamp":"2022-04-21 18:18:25"}
{"level":"info","message":"API_Service: GET / 200 4022 - 1.482 ms","timestamp":"2022-04-21 18:20:32"}
{"level":"info","message":"API_Service: GET /posts/ 404 145 - 1.036 ms","timestamp":"2022-04-21 18:20:54"}
{"level":"info","message":"API_Service: GET /posts/ 404 145 - 0.523 ms","timestamp":"2022-04-21 18:21:06"}
{"level":"info","message":"API_Service: GET / 200 4022 - 2.408 ms","timestamp":"2022-04-21 18:23:45"}
{"level":"info","message":"API_Service: GET / 200 4022 - 1.375 ms","timestamp":"2022-04-21 18:24:16"}
{"level":"info","message":"API_Service: GET / 200 4022 - 1.071 ms","timestamp":"2022-04-21 18:26:31"}
{"level":"info","message":"ADMINS_Service: POST /login/ 404 146 - 0.273 ms","timestamp":"2022-04-21 18:26:34"}
{"level":"info","message":"ADMINS_Service: POST /login 404 145 - 0.299 ms","timestamp":"2022-04-21 18:26:37"}
{"level":"info","message":"ADMINS_Service: POST /login 200 273 - 621.267 ms","timestamp":"2022-04-21 18:28:06"}
{"level":"info","message":"USERS_Service: GET /check/ 200 97 - 7.918 ms","timestamp":"2022-04-21 18:31:29"}
{"level":"info","message":"API_Service: GET / 200 4022 - 33.784 ms","timestamp":"2022-04-21 18:31:29"}
{"level":"info","message":"API_Service: GET / 401 48 - 1.307 ms","timestamp":"2022-04-21 18:32:24"}
{"level":"info","message":"USERS_Service: GET /check/ 200 97 - 1.801 ms","timestamp":"2022-04-21 18:32:28"}
{"level":"info","message":"API_Service: GET / 200 4022 - 11.326 ms","timestamp":"2022-04-21 18:32:28"}
{"level":"info","message":"USERS_Service: POST /login 200 273 - 628.175 ms","timestamp":"2022-04-21 18:33:49"}
